269026252 CL100006210_L01_1_1/CL100006210_L01_1_1.fq.gz
249986008 CL100006210_L01_2_1/CL100006210_L01_2_1.fq.gz
250339448 CL100006210_L01_3_1/CL100006210_L01_3_1.fq.gz
257594976 CL100006210_L01_4_1/CL100006210_L01_4_1.fq.gz
328774404 CL100006210_L01_5_1/CL100006210_L01_5_1.fq.gz
324012104 CL100006210_L01_6_1/CL100006210_L01_6_1.fq.gz
301387772 CL100006210_L01_7_1/CL100006210_L01_7_1.fq.gz
278162120 CL100006210_L01_8_1/CL100006210_L01_8_1.fq.gz
260718508 CL100006210_L02_10_1/CL100006210_L02_10_1.fq.gz
271037496 CL100006210_L02_11_1/CL100006210_L02_11_1.fq.gz
222991564 CL100006210_L02_12_1/CL100006210_L02_12_1.fq.gz
211370480 CL100006210_L02_13_1/CL100006210_L02_13_1.fq.gz
254456424 CL100006210_L02_14_1/CL100006210_L02_14_1.fq.gz
232307028 CL100006210_L02_15_1/CL100006210_L02_15_1.fq.gz
245559352 CL100006210_L02_16_1/CL100006210_L02_16_1.fq.gz
258972072 CL100006210_L02_9_1/CL100006210_L02_9_1.fq.gz
230177844 CL100006258_L01_1_1/CL100006258_L01_1_1.fq.gz
220567960 CL100006258_L01_2_1/CL100006258_L01_2_1.fq.gz
193091692 CL100006258_L01_3_1/CL100006258_L01_3_1.fq.gz
209042580 CL100006258_L01_4_1/CL100006258_L01_4_1.fq.gz
229815772 CL100006258_L01_5_1/CL100006258_L01_5_1.fq.gz
206487608 CL100006258_L01_6_1/CL100006258_L01_6_1.fq.gz
260837208 CL100006258_L01_7_1/CL100006258_L01_7_1.fq.gz
217951816 CL100006258_L01_8_1/CL100006258_L01_8_1.fq.gz
207687072 CL100006258_L02_10_1/CL100006258_L02_10_1.fq.gz
246231668 CL100006258_L02_11_1/CL100006258_L02_11_1.fq.gz
198624996 CL100006258_L02_12_1/CL100006258_L02_12_1.fq.gz
235473724 CL100006258_L02_13_1/CL100006258_L02_13_1.fq.gz
196156616 CL100006258_L02_14_1/CL100006258_L02_14_1.fq.gz
234660188 CL100006258_L02_15_1/CL100006258_L02_15_1.fq.gz
301009108 CL100006258_L02_16_1/CL100006258_L02_16_1.fq.gz
244276224 CL100006258_L02_9_1/CL100006258_L02_9_1.fq.gz
287076548 CL100006375_L01_1_1/CL100006375_L01_1_1.fq.gz
239212848 CL100006375_L01_2_1/CL100006375_L01_2_1.fq.gz
250662120 CL100006375_L01_3_1/CL100006375_L01_3_1.fq.gz
266158260 CL100006375_L01_4_1/CL100006375_L01_4_1.fq.gz
277086108 CL100006375_L01_5_1/CL100006375_L01_5_1.fq.gz
222858444 CL100006375_L01_6_1/CL100006375_L01_6_1.fq.gz
287434192 CL100006375_L01_7_1/CL100006375_L01_7_1.fq.gz
295656400 CL100006375_L01_8_1/CL100006375_L01_8_1.fq.gz
265718148 CL100006375_L02_10_1/CL100006375_L02_10_1.fq.gz
320435960 CL100006375_L02_11_1/CL100006375_L02_11_1.fq.gz
257838072 CL100006375_L02_12_1/CL100006375_L02_12_1.fq.gz
347152876 CL100006375_L02_13_1/CL100006375_L02_13_1.fq.gz
287597452 CL100006375_L02_14_1/CL100006375_L02_14_1.fq.gz
301150512 CL100006375_L02_15_1/CL100006375_L02_15_1.fq.gz
327869004 CL100006375_L02_16_1/CL100006375_L02_16_1.fq.gz
336026344 CL100006375_L02_9_1/CL100006375_L02_9_1.fq.gz
220974084 CL100013689_L01_10_1/CL100013689_L01_10_1.fq.gz
324031188 CL100013689_L01_11_1/CL100013689_L01_11_1.fq.gz
209568444 CL100013689_L01_12_1/CL100013689_L01_12_1.fq.gz
272819284 CL100013689_L01_13_1/CL100013689_L01_13_1.fq.gz
291525592 CL100013689_L01_14_1/CL100013689_L01_14_1.fq.gz
294016368 CL100013689_L01_15_1/CL100013689_L01_15_1.fq.gz
340187016 CL100013689_L01_16_1/CL100013689_L01_16_1.fq.gz
264484064 CL100013749_L01_10_1/CL100013749_L01_10_1.fq.gz
365575076 CL100013749_L01_11_1/CL100013749_L01_11_1.fq.gz
256079912 CL100013749_L01_12_1/CL100013749_L01_12_1.fq.gz
262460624 CL100013749_L01_13_1/CL100013749_L01_13_1.fq.gz
303952252 CL100013749_L01_14_1/CL100013749_L01_14_1.fq.gz
350251876 CL100013749_L01_15_1/CL100013749_L01_15_1.fq.gz
365348636 CL100013749_L01_16_1/CL100013749_L01_16_1.fq.gz
415618856 CL100013749_L01_9_1/CL100013749_L01_9_1.fq.gz
399445624 CL100013749_L02_1_1/CL100013749_L02_1_1.fq.gz
347484700 CL100013749_L02_2_1/CL100013749_L02_2_1.fq.gz
258869268 CL100013749_L02_3_1/CL100013749_L02_3_1.fq.gz
266774076 CL100013749_L02_4_1/CL100013749_L02_4_1.fq.gz
282299648 CL100013749_L02_5_1/CL100013749_L02_5_1.fq.gz
249600336 CL100013749_L02_6_1/CL100013749_L02_6_1.fq.gz
400534368 CL100013749_L02_7_1/CL100013749_L02_7_1.fq.gz
298066456 CL100013749_L02_8_1/CL100013749_L02_8_1.fq.gz
260266116 CL100013751_L01_10_1/CL100013751_L01_10_1.fq.gz
310391292 CL100013751_L01_11_1/CL100013751_L01_11_1.fq.gz
248101340 CL100013751_L01_12_1/CL100013751_L01_12_1.fq.gz
329767828 CL100013751_L01_13_1/CL100013751_L01_13_1.fq.gz
276895768 CL100013751_L01_14_1/CL100013751_L01_14_1.fq.gz
329239844 CL100013751_L01_15_1/CL100013751_L01_15_1.fq.gz
391447704 CL100013751_L01_16_1/CL100013751_L01_16_1.fq.gz
330121724 CL100013751_L01_9_1/CL100013751_L01_9_1.fq.gz
324364960 CL100013751_L02_1_1/CL100013751_L02_1_1.fq.gz
339044992 CL100013751_L02_2_1/CL100013751_L02_2_1.fq.gz
282095124 CL100013751_L02_3_1/CL100013751_L02_3_1.fq.gz
323280484 CL100013751_L02_4_1/CL100013751_L02_4_1.fq.gz
319237420 CL100013751_L02_5_1/CL100013751_L02_5_1.fq.gz
290199664 CL100013751_L02_6_1/CL100013751_L02_6_1.fq.gz
355802948 CL100013751_L02_7_1/CL100013751_L02_7_1.fq.gz
281588504 CL100013751_L02_8_1/CL100013751_L02_8_1.fq.gz
311280232 CL100017863_L01_1_1/CL100017863_L01_1_1.fq.gz
392784972 CL100017863_L01_2_1/CL100017863_L01_2_1.fq.gz
266530492 CL100017863_L01_3_1/CL100017863_L01_3_1.fq.gz
272403148 CL100017863_L01_4_1/CL100017863_L01_4_1.fq.gz
288857608 CL100017863_L01_5_1/CL100017863_L01_5_1.fq.gz
282541024 CL100017863_L01_6_1/CL100017863_L01_6_1.fq.gz
315842012 CL100017863_L01_7_1/CL100017863_L01_7_1.fq.gz
288177556 CL100017863_L01_8_1/CL100017863_L01_8_1.fq.gz
248859520 CL100017863_L02_10_1/CL100017863_L02_10_1.fq.gz
324291652 CL100017863_L02_11_1/CL100017863_L02_11_1.fq.gz
333653584 CL100017863_L02_12_1/CL100017863_L02_12_1.fq.gz
240458720 CL100017863_L02_13_1/CL100017863_L02_13_1.fq.gz
297946924 CL100017863_L02_14_1/CL100017863_L02_14_1.fq.gz
319527036 CL100017863_L02_15_1/CL100017863_L02_15_1.fq.gz
296426276 CL100017863_L02_16_1/CL100017863_L02_16_1.fq.gz
267874940 CL100017863_L02_9_1/CL100017863_L02_9_1.fq.gz
286007488 CL100017968_L01_1_1/CL100017968_L01_1_1.fq.gz
518172968 CL100017968_L01_2_1/CL100017968_L01_2_1.fq.gz
309683268 CL100017968_L01_3_1/CL100017968_L01_3_1.fq.gz
261035132 CL100017968_L01_4_1/CL100017968_L01_4_1.fq.gz
371949632 CL100017968_L01_5_1/CL100017968_L01_5_1.fq.gz
285276612 CL100017968_L01_6_1/CL100017968_L01_6_1.fq.gz
337154844 CL100017968_L01_7_1/CL100017968_L01_7_1.fq.gz
262179292 CL100017968_L01_8_1/CL100017968_L01_8_1.fq.gz
471051736 CL100017968_L02_10_1/CL100017968_L02_10_1.fq.gz
357009668 CL100017968_L02_11_1/CL100017968_L02_11_1.fq.gz
328659640 CL100017968_L02_12_1/CL100017968_L02_12_1.fq.gz
357785136 CL100017968_L02_13_1/CL100017968_L02_13_1.fq.gz
233876376 CL100017968_L02_14_1/CL100017968_L02_14_1.fq.gz
324123200 CL100017968_L02_15_1/CL100017968_L02_15_1.fq.gz
394914624 CL100017968_L02_16_1/CL100017968_L02_16_1.fq.gz
250886964 CL100017968_L02_9_1/CL100017968_L02_9_1.fq.gz
375901600 CL100017971_L01_1_1/CL100017971_L01_1_1.fq.gz
379209436 CL100017971_L01_2_1/CL100017971_L01_2_1.fq.gz
272104864 CL100017971_L01_3_1/CL100017971_L01_3_1.fq.gz
286260536 CL100017971_L01_4_1/CL100017971_L01_4_1.fq.gz
335335692 CL100017971_L01_5_1/CL100017971_L01_5_1.fq.gz
311736564 CL100017971_L01_6_1/CL100017971_L01_6_1.fq.gz
481945016 CL100017971_L01_7_1/CL100017971_L01_7_1.fq.gz
262263192 CL100017971_L01_8_1/CL100017971_L01_8_1.fq.gz
274942784 CL100017971_L02_10_1/CL100017971_L02_10_1.fq.gz
288654212 CL100017971_L02_11_1/CL100017971_L02_11_1.fq.gz
298981472 CL100017971_L02_12_1/CL100017971_L02_12_1.fq.gz
441414500 CL100017971_L02_13_1/CL100017971_L02_13_1.fq.gz
293929952 CL100017971_L02_14_1/CL100017971_L02_14_1.fq.gz
244151632 CL100017971_L02_15_1/CL100017971_L02_15_1.fq.gz
438615564 CL100017971_L02_16_1/CL100017971_L02_16_1.fq.gz
288469112 CL100017971_L02_9_1/CL100017971_L02_9_1.fq.gz
319330480 CL100017972_L01_2_1/CL100017972_L01_2_1.fq.gz
305620860 CL100017972_L01_3_1/CL100017972_L01_3_1.fq.gz
257150712 CL100017972_L01_4_1/CL100017972_L01_4_1.fq.gz
306002224 CL100017972_L01_5_1/CL100017972_L01_5_1.fq.gz
347759268 CL100017972_L01_6_1/CL100017972_L01_6_1.fq.gz
334122388 CL100017972_L01_7_1/CL100017972_L01_7_1.fq.gz
370778604 CL100017972_L01_8_1/CL100017972_L01_8_1.fq.gz
260161040 CL100017972_L02_10_1/CL100017972_L02_10_1.fq.gz
348162004 CL100017972_L02_11_1/CL100017972_L02_11_1.fq.gz
325947052 CL100017972_L02_12_1/CL100017972_L02_12_1.fq.gz
331924244 CL100017972_L02_13_1/CL100017972_L02_13_1.fq.gz
363340128 CL100017972_L02_14_1/CL100017972_L02_14_1.fq.gz
295516364 CL100017972_L02_15_1/CL100017972_L02_15_1.fq.gz
352602548 CL100017972_L02_16_1/CL100017972_L02_16_1.fq.gz
363646572 CL100017972_L02_9_1/CL100017972_L02_9_1.fq.gz
359332124 CL100017973_L01_1_1/CL100017973_L01_1_1.fq.gz
331883412 CL100017973_L01_2_1/CL100017973_L01_2_1.fq.gz
331531516 CL100017973_L01_3_1/CL100017973_L01_3_1.fq.gz
256470968 CL100017973_L01_4_1/CL100017973_L01_4_1.fq.gz
340906640 CL100017973_L01_5_1/CL100017973_L01_5_1.fq.gz
356405024 CL100017973_L01_6_1/CL100017973_L01_6_1.fq.gz
322945952 CL100017973_L01_7_1/CL100017973_L01_7_1.fq.gz
323012352 CL100017973_L01_8_1/CL100017973_L01_8_1.fq.gz
219297532 CL100017973_L02_10_1/CL100017973_L02_10_1.fq.gz
293820712 CL100017973_L02_11_1/CL100017973_L02_11_1.fq.gz
344834148 CL100017973_L02_12_1/CL100017973_L02_12_1.fq.gz
272911512 CL100017973_L02_13_1/CL100017973_L02_13_1.fq.gz
377098520 CL100017973_L02_14_1/CL100017973_L02_14_1.fq.gz
417815740 CL100017973_L02_15_1/CL100017973_L02_15_1.fq.gz
306932488 CL100017973_L02_16_1/CL100017973_L02_16_1.fq.gz
372201808 CL100017973_L02_9_1/CL100017973_L02_9_1.fq.gz
320994040 CL100017975_L01_1_1/CL100017975_L01_1_1.fq.gz
319360948 CL100017975_L01_2_1/CL100017975_L01_2_1.fq.gz
353185500 CL100017975_L01_3_1/CL100017975_L01_3_1.fq.gz
311633156 CL100017975_L01_4_1/CL100017975_L01_4_1.fq.gz
352435892 CL100017975_L01_5_1/CL100017975_L01_5_1.fq.gz
405100412 CL100017975_L01_6_1/CL100017975_L01_6_1.fq.gz
327984620 CL100017975_L01_7_1/CL100017975_L01_7_1.fq.gz
298373596 CL100017975_L01_8_1/CL100017975_L01_8_1.fq.gz
272019540 CL100017975_L02_10_1/CL100017975_L02_10_1.fq.gz
323662400 CL100017975_L02_11_1/CL100017975_L02_11_1.fq.gz
348988500 CL100017975_L02_12_1/CL100017975_L02_12_1.fq.gz
277241448 CL100017975_L02_13_1/CL100017975_L02_13_1.fq.gz
351121412 CL100017975_L02_14_1/CL100017975_L02_14_1.fq.gz
356051328 CL100017975_L02_15_1/CL100017975_L02_15_1.fq.gz
402391544 CL100017975_L02_16_1/CL100017975_L02_16_1.fq.gz
264593732 CL100017975_L02_9_1/CL100017975_L02_9_1.fq.gz
340765272 CL100020242_L01_1_1/CL100020242_L01_1_1.fq.gz
324892804 CL100020242_L01_2_1/CL100020242_L01_2_1.fq.gz
317294280 CL100020242_L01_3_1/CL100020242_L01_3_1.fq.gz
261107432 CL100020242_L01_4_1/CL100020242_L01_4_1.fq.gz
334271016 CL100020242_L01_5_1/CL100020242_L01_5_1.fq.gz
314159440 CL100020242_L01_6_1/CL100020242_L01_6_1.fq.gz
341517524 CL100020242_L01_7_1/CL100020242_L01_7_1.fq.gz
344145756 CL100020242_L01_8_1/CL100020242_L01_8_1.fq.gz
304542560 CL100020242_L02_10_1/CL100020242_L02_10_1.fq.gz
352392812 CL100020242_L02_11_1/CL100020242_L02_11_1.fq.gz
284840364 CL100020242_L02_12_1/CL100020242_L02_12_1.fq.gz
291500244 CL100020242_L02_13_1/CL100020242_L02_13_1.fq.gz
277876856 CL100020242_L02_14_1/CL100020242_L02_14_1.fq.gz
321878344 CL100020242_L02_15_1/CL100020242_L02_15_1.fq.gz
482467404 CL100020242_L02_16_1/CL100020242_L02_16_1.fq.gz
342501776 CL100020242_L02_9_1/CL100020242_L02_9_1.fq.gz
354732028 CL100020243_L01_17_1/CL100020243_L01_17_1.fq.gz
301185508 CL100020243_L01_18_1/CL100020243_L01_18_1.fq.gz
316122840 CL100020243_L01_19_1/CL100020243_L01_19_1.fq.gz
296498364 CL100020243_L01_20_1/CL100020243_L01_20_1.fq.gz
332074460 CL100020243_L01_21_1/CL100020243_L01_21_1.fq.gz
269467612 CL100020243_L01_22_1/CL100020243_L01_22_1.fq.gz
354015008 CL100020243_L01_23_1/CL100020243_L01_23_1.fq.gz
334991388 CL100020243_L01_24_1/CL100020243_L01_24_1.fq.gz
332633848 CL100020243_L02_32_1/CL100020243_L02_32_1.fq.gz
310012192 CL100020243_L02_34_1/CL100020243_L02_34_1.fq.gz
377854584 CL100020243_L02_35_1/CL100020243_L02_35_1.fq.gz
241337464 CL100020243_L02_36_1/CL100020243_L02_36_1.fq.gz
65181680 CL100020243_L02_37_1/CL100020243_L02_37_1.fq.gz
295768376 CL100020243_L02_38_1/CL100020243_L02_38_1.fq.gz
433008992 CL100020243_L02_39_1/CL100020243_L02_39_1.fq.gz
266376388 CL100020243_L02_40_1/CL100020243_L02_40_1.fq.gz
258777348 CL100020244_L01_1_1/CL100020244_L01_1_1.fq.gz
296210880 CL100020244_L01_2_1/CL100020244_L01_2_1.fq.gz
212242704 CL100020244_L01_3_1/CL100020244_L01_3_1.fq.gz
205833392 CL100020244_L01_4_1/CL100020244_L01_4_1.fq.gz
263488296 CL100020244_L01_5_1/CL100020244_L01_5_1.fq.gz
228967496 CL100020244_L01_6_1/CL100020244_L01_6_1.fq.gz
280202944 CL100020244_L01_7_1/CL100020244_L01_7_1.fq.gz
213182428 CL100020244_L01_8_1/CL100020244_L01_8_1.fq.gz
255338160 CL100020244_L01_9_1/CL100020244_L01_9_1.fq.gz
332490648 CL100020401_L01_1_1/CL100020401_L01_1_1.fq.gz
290467720 CL100020401_L01_2_1/CL100020401_L01_2_1.fq.gz
207015236 CL100020401_L01_3_1/CL100020401_L01_3_1.fq.gz
315538368 CL100020401_L01_4_1/CL100020401_L01_4_1.fq.gz
352114012 CL100020401_L01_5_1/CL100020401_L01_5_1.fq.gz
342722504 CL100020401_L01_6_1/CL100020401_L01_6_1.fq.gz
445600820 CL100020401_L01_7_1/CL100020401_L01_7_1.fq.gz
412396716 CL100020401_L01_8_1/CL100020401_L01_8_1.fq.gz
324109348 CL100020401_L02_10_1/CL100020401_L02_10_1.fq.gz
320555984 CL100020401_L02_11_1/CL100020401_L02_11_1.fq.gz
252208736 CL100020401_L02_12_1/CL100020401_L02_12_1.fq.gz
287585952 CL100020401_L02_13_1/CL100020401_L02_13_1.fq.gz
297225996 CL100020401_L02_14_1/CL100020401_L02_14_1.fq.gz
303991664 CL100020401_L02_15_1/CL100020401_L02_15_1.fq.gz
385049784 CL100020401_L02_16_1/CL100020401_L02_16_1.fq.gz
407793404 CL100020401_L02_9_1/CL100020401_L02_9_1.fq.gz
322297488 CL100020404_L01_1_1/CL100020404_L01_1_1.fq.gz
297409552 CL100020404_L01_2_1/CL100020404_L01_2_1.fq.gz
423339436 CL100020404_L01_3_1/CL100020404_L01_3_1.fq.gz
395087528 CL100020404_L01_4_1/CL100020404_L01_4_1.fq.gz
355273708 CL100020404_L01_5_1/CL100020404_L01_5_1.fq.gz
267733612 CL100020404_L01_6_1/CL100020404_L01_6_1.fq.gz
488137784 CL100020404_L01_7_1/CL100020404_L01_7_1.fq.gz
227151180 CL100020404_L01_8_1/CL100020404_L01_8_1.fq.gz
339953844 CL100020404_L02_10_1/CL100020404_L02_10_1.fq.gz
346219156 CL100020404_L02_11_1/CL100020404_L02_11_1.fq.gz
306570500 CL100020404_L02_12_1/CL100020404_L02_12_1.fq.gz
289183804 CL100020404_L02_13_1/CL100020404_L02_13_1.fq.gz
316848208 CL100020404_L02_14_1/CL100020404_L02_14_1.fq.gz
327196960 CL100020404_L02_15_1/CL100020404_L02_15_1.fq.gz
330396300 CL100020404_L02_16_1/CL100020404_L02_16_1.fq.gz
341621884 CL100020404_L02_9_1/CL100020404_L02_9_1.fq.gz
323448176 CL100020425_L01_17_1/CL100020425_L01_17_1.fq.gz
271585064 CL100020425_L01_18_1/CL100020425_L01_18_1.fq.gz
351881928 CL100020425_L01_19_1/CL100020425_L01_19_1.fq.gz
218851144 CL100020425_L01_20_1/CL100020425_L01_20_1.fq.gz
391366940 CL100020425_L01_21_1/CL100020425_L01_21_1.fq.gz
290350168 CL100020425_L01_22_1/CL100020425_L01_22_1.fq.gz
306693924 CL100020425_L01_23_1/CL100020425_L01_23_1.fq.gz
357045296 CL100020425_L01_24_1/CL100020425_L01_24_1.fq.gz
393106860 CL100020425_L02_32_1/CL100020425_L02_32_1.fq.gz
301895228 CL100020425_L02_34_1/CL100020425_L02_34_1.fq.gz
290225236 CL100020425_L02_35_1/CL100020425_L02_35_1.fq.gz
223251856 CL100020425_L02_36_1/CL100020425_L02_36_1.fq.gz
304135096 CL100020425_L02_37_1/CL100020425_L02_37_1.fq.gz
366244592 CL100020425_L02_38_1/CL100020425_L02_38_1.fq.gz
339158688 CL100020425_L02_39_1/CL100020425_L02_39_1.fq.gz
250435208 CL100020425_L02_40_1/CL100020425_L02_40_1.fq.gz
382967048 CL100020456_L01_17_1/CL100020456_L01_17_1.fq.gz
343196504 CL100020456_L01_18_1/CL100020456_L01_18_1.fq.gz
262989816 CL100020456_L01_19_1/CL100020456_L01_19_1.fq.gz
269657820 CL100020456_L01_20_1/CL100020456_L01_20_1.fq.gz
360594712 CL100020456_L01_21_1/CL100020456_L01_21_1.fq.gz
276703332 CL100020456_L01_22_1/CL100020456_L01_22_1.fq.gz
391539752 CL100020456_L01_23_1/CL100020456_L01_23_1.fq.gz
338617640 CL100020456_L01_24_1/CL100020456_L01_24_1.fq.gz
417694780 CL100020456_L02_32_1/CL100020456_L02_32_1.fq.gz
300943636 CL100020456_L02_34_1/CL100020456_L02_34_1.fq.gz
363396652 CL100020456_L02_35_1/CL100020456_L02_35_1.fq.gz
268438308 CL100020456_L02_36_1/CL100020456_L02_36_1.fq.gz
233100056 CL100020456_L02_37_1/CL100020456_L02_37_1.fq.gz
333938360 CL100020456_L02_38_1/CL100020456_L02_38_1.fq.gz
455055948 CL100020456_L02_39_1/CL100020456_L02_39_1.fq.gz
314229400 CL100020456_L02_40_1/CL100020456_L02_40_1.fq.gz
256605916 CL100020565_L01_1_1/CL100020565_L01_1_1.fq.gz
328861136 CL100020565_L01_2_1/CL100020565_L01_2_1.fq.gz
390163916 CL100020565_L01_3_1/CL100020565_L01_3_1.fq.gz
438197156 CL100020565_L01_4_1/CL100020565_L01_4_1.fq.gz
414317436 CL100020565_L01_5_1/CL100020565_L01_5_1.fq.gz
306898324 CL100020565_L01_6_1/CL100020565_L01_6_1.fq.gz
304063344 CL100020565_L01_7_1/CL100020565_L01_7_1.fq.gz
237081436 CL100020565_L01_8_1/CL100020565_L01_8_1.fq.gz
315825836 CL100020565_L02_10_1/CL100020565_L02_10_1.fq.gz
317498544 CL100020565_L02_11_1/CL100020565_L02_11_1.fq.gz
339991496 CL100020565_L02_12_1/CL100020565_L02_12_1.fq.gz
414574444 CL100020565_L02_13_1/CL100020565_L02_13_1.fq.gz
298918628 CL100020565_L02_14_1/CL100020565_L02_14_1.fq.gz
248857832 CL100020565_L02_15_1/CL100020565_L02_15_1.fq.gz
492805144 CL100020565_L02_16_1/CL100020565_L02_16_1.fq.gz
273170044 CL100020565_L02_9_1/CL100020565_L02_9_1.fq.gz
262775140 CL100023189_L01_17_1/CL100023189_L01_17_1.fq.gz
279243608 CL100023189_L01_18_1/CL100023189_L01_18_1.fq.gz
291290384 CL100023189_L01_19_1/CL100023189_L01_19_1.fq.gz
230524948 CL100023189_L01_20_1/CL100023189_L01_20_1.fq.gz
468021660 CL100023189_L01_21_1/CL100023189_L01_21_1.fq.gz
364298468 CL100023189_L01_22_1/CL100023189_L01_22_1.fq.gz
522141288 CL100023189_L01_23_1/CL100023189_L01_23_1.fq.gz
269877700 CL100023189_L01_24_1/CL100023189_L01_24_1.fq.gz
415260692 CL100023189_L02_32_1/CL100023189_L02_32_1.fq.gz
236535420 CL100023189_L02_34_1/CL100023189_L02_34_1.fq.gz
530551864 CL100023189_L02_35_1/CL100023189_L02_35_1.fq.gz
257947912 CL100023189_L02_36_1/CL100023189_L02_36_1.fq.gz
234373640 CL100023189_L02_37_1/CL100023189_L02_37_1.fq.gz
350867368 CL100023189_L02_38_1/CL100023189_L02_38_1.fq.gz
381387812 CL100023189_L02_39_1/CL100023189_L02_39_1.fq.gz
270394264 CL100023189_L02_40_1/CL100023189_L02_40_1.fq.gz
